Title: Effect of graft-versus-host disease prophylaxis on 3-year disease-free survival in recipients of unrelated donor bone marrow (T-cell Depletion Trial): a multi-centre …
Link: https://www.thelancet.com/journals/lancet/article/PIIS0140-6736(05)66996-6/fulltext?isEOP=true
PDF Link: https://citeseerx.ist.psu.edu/document?repid=rep1&type=pdf&doi=7da6a1b9d52c0844da757a6dbc52cf5bdaab66fe
Snippet: … The corresponding author had full access to all the data in the study. All co-… J Wagner wrote this paper with input from all other investigators. All authors participated in the design, …
Authors: JE Wagner
Publication: JE Wagner, JS Thompson, SL Carter, NA Kernan - The Lancet, 2005 - thelancet.com
Cited by: 266
-------------------

Title: Bone marrow transplantation for recessive dystrophic epidermolysis bullosa
Link: https://www.nejm.org/doi/abs/10.1056/NEJMoa0910501
PDF Link: 
Snippet: … Author Info & Affiliations … Disclosure forms provided by the authors are available with the full text of this article at NEJM.org. … Information & Authors …
Authors: JE Wagner
Publication: JE Wagner, A Ishida-Yamamoto… - … England Journal of …, 2010 - Mass Medical Soc
Cited by: 423
-------------------

Title: Transplantation of unrelated donor umbilical cord blood in 102 patients with malignant and nonmalignant diseases: influence of CD34 cell dose and HLA disparity on …
Link: https://ashpublications.org/blood/article-abstract/100/5/1611/106372
PDF Link: 
Snippet: The potential benefits of unrelated donor marrow transplantation are offset by the immunologic complications of graft-versus-host disease (GVHD) and infection. Therefore, we used …
Authors: JE Wagner, JN Barker
Publication: JE Wagner, JN Barker, TE DeFor… - Blood, The Journal …, 2002 - ashpublications.org
Cited by: 1357
-------------------

Title: A single-cell atlas of the tumor and immune ecosystem of human breast cancer
Link: https://www.cell.com/cell/fulltext/S0092-8674(19)30267-3
PDF Link: 
Snippet: Breast cancer is a heterogeneous disease. Tumor cells and associated healthy cells form ecosystems that determine disease progression and response to therapy. To characterize …
Authors: J Wagner, MA Rapsomaniki, S Chevrier
Publication: J Wagner, MA Rapsomaniki, S Chevrier, T Anzeneder… - Cell, 2019 - cell.com
Cited by: 662
-------------------

Title: One-unit versus two-unit cord-blood transplantation for hematologic cancers
Link: https://www.nejm.org/doi/abs/10.1056/NEJMoa1405584
PDF Link: 
Snippet: … The protocol was designed and written by the authors, who vouch for the accuracy of the data and adherence to the protocol. No one who is not an author contributed to the writing of …
Authors: JE Wagner Jr
Publication: JE Wagner Jr, M Eapen, S Carter, Y Wang… - … England Journal of …, 2014 - Mass Medical Soc
Cited by: 314
-------------------

Title: Outcomes among patients discharged from busy intensive care units
Link: https://www.acpjournals.org/doi/abs/10.7326/0003-4819-159-7-201310010-00004
PDF Link: 
Snippet: … Acknowledgment: The authors thank the data collectors for Project IMPACT and the Cerner … Please see our information for authorsregarding comments on an Annals publication. …
Authors: NB Gabler, SJ Ratcliffe
Publication: J Wagner, NB Gabler, SJ Ratcliffe… - Annals of internal …, 2013 - acpjournals.org
Cited by: 155
-------------------

Title: Efficient and persistent gene transfer of AAV-CFTR in maxillary sinus
Link: https://www.thelancet.com/journals/lancet/article/PIIS0140-6736(05)77740-0/fulltext
PDF Link: https://www.thelancet.com/pdfs/journals/lancet/PIIS0140-6736(05)77740-0.pdf
Snippet: Cystic fibrosis is a common, lethal, genetic disease caused by mutations in the cystic fibrosis transmembrane conductance regulator (CFTR), and it is an attractive target for gene therapy…
Authors: RB Moss, JJ Wine
Publication: JA Wagner, T Reynolds, ML Moran, RB Moss, JJ Wine… - The Lancet, 1998 - thelancet.com
Cited by: 277
-------------------

Title: Tivantinib (ARQ 197), a selective inhibitor of MET, in patients with microphthalmia transcription factor–associated tumors: results of a multicenter phase 2 trial
Link: https://acsjournals.onlinelibrary.wiley.com/doi/abs/10.1002/cncr.27582
PDF Link: https://acsjournals.onlinelibrary.wiley.com/doi/pdfdirect/10.1002/cncr.27582
Snippet: BACKGROUND: Microphthalmia transcription factor (MITF)‐associated (MiT) tumors are a family of rare malignancies, including alveolar soft part sarcoma (ASPS), clear cell sarcoma (…
Authors: E Choy
Publication: AJ Wagner, JM Goldberg, SG DuBois, E Choy… - Cancer, 2012 - Wiley Online Library
Cited by: 169
-------------------
