Title: Placebo-induced changes in FMRI in the anticipation and experience of pain
Link: https://www.science.org/doi/abs/10.1126/science.1093065
PDF Link: https://citeseerx.ist.psu.edu/document?repid=rep1&type=pdf&doi=c9e0f9c6013f572b155e1dccd29652db9054ea38
Snippet: The experience of pain arises from both physiological and psychological factors, including one's beliefs and expectations. Thus, placebo treatments that have no intrinsic …
Authors: TD Wager, JK Rilling
Publication: TD Wager, JK Rilling, EE Smith, A Sokolik, KL Casey… - Science, 2004 - science.org
Cited by: 2488
-------------------

Title: Dimerization of G protein-coupled receptors: CB1 cannabinoid receptors as an example
Link: https://www.sciencedirect.com/science/article/pii/S0009308402001512
PDF Link: 
Snippet: A polyclonal antibody directed towards the last 73 amino acid residues of the rat type 1 cannabinoid (CB1) receptor strongly and exclusively labels a high molecular weight (between …
Authors: K Mackie
Publication: J Wager-Miller, R Westenbroek, K Mackie - Chemistry and physics of lipids, 2002 - Elsevier
Cited by: 178
-------------------

Title: Functional selectivity in CB2 cannabinoid receptor signaling and regulation: implications for the therapeutic potential of CB2 ligands
Link: https://molpharm.aspetjournals.org/content/81/2/250.short
PDF Link: 
Snippet: Receptor internalization increases the flexibility and scope of G protein-coupled receptor (GPCR) signaling. CB 1 and CB 2 cannabinoid receptors undergo internalization after …
Authors: BK Atwood
Publication: BK Atwood, J Wager-Miller, C Haskins, A Straiker… - Molecular …, 2012 - ASPET
Cited by: 177
-------------------

Title: The neuroimaging of emotion
Link: https://books.google.com/books?hl=en&lr=&id=uIQQskejGwUC&oi=fnd&pg=PA249&dq=James+Wager&ots=3RThSTheya&sig=DokghdqQzCKxcZ9rcVS6XCwzgjk
PDF Link: https://citeseerx.ist.psu.edu/document?repid=rep1&type=pdf&doi=b2d33f17789047aa5243ed7a02865c040f15656e#page=265
Snippet: … These analyses are available from Wager and Barrett, and were not included here because of space limitations; the results agree in large part with the areas shown here. Also, these …
Authors: TD Wager, LF Barrett, E Bliss-Moreau
Publication: TD Wager, LF Barrett, E Bliss-Moreau… - Handbook of …, 2008 - books.google.com
Cited by: 319
-------------------

Title: Expression of G protein-coupled receptors and related proteins in HEK293, AtT20, BV2, and N18 cell lines as revealed by microarray analysis
Link: https://link.springer.com/article/10.1186/1471-2164-12-14
PDF Link: https://link.springer.com/content/pdf/10.1186/1471-2164-12-14.pdf
Snippet: Background G protein coupled receptors (GPCRs) are one of the most widely studied gene superfamilies. Thousands of GPCR research studies have utilized heterologous expression …
Authors: BK Atwood, K Mackie
Publication: BK Atwood, J Lopez, J Wager-Miller, K Mackie… - BMC genomics, 2011 - Springer
Cited by: 482
-------------------

Title: Cloning and molecular characterization of the rat CB2 cannabinoid receptor
Link: https://www.sciencedirect.com/science/article/pii/S016747810200341X
PDF Link: 
Snippet: The rat peripheral cannabinoid receptor (rCB2) was cloned from a Sprague–Dawley rat spleen cDNA library and when translated, encodes a protein of 410 amino acids. Alignment of …
Authors: K Mackie
Publication: SM Brown, J Wager-Miller, K Mackie - Biochimica et Biophysica Acta (BBA) …, 2002 - Elsevier
Cited by: 229
-------------------

Title: A Bayesian model of category-specific emotional brain responses
Link: https://journals.plos.org/ploscompbiol/article?id=10.1371/journal.pcbi.1004066
PDF Link: https://journals.plos.org/ploscompbiol/article/file?id=10.1371/journal.pcbi.1004066&type=printable
Snippet: Understanding emotion is critical for a science of healthy and disordered brain function, but the neurophysiological basis of emotional experience is still poorly understood. We analyzed …
Authors: TD Wager, J Kang, TD Johnson
Publication: TD Wager, J Kang, TD Johnson… - PLoS computational …, 2015 - journals.plos.org
Cited by: 313
-------------------

Title: Pascal and the Wager
Link: https://www.torrossa.com/gs/resourceProxy?an=5210743&publisher=FZ0661#page=128
PDF Link: https://www.academia.edu/download/79799339/1475-4975.26106320220128-22684-u8uitq.pdf
Snippet: … James recognized that those similarly situated likely shared the same set of live alternatives … majority of those who encounter the wager are in the position described by James:‘if I say:“…
Authors: J Jordan
Publication: J Jordan - Philosophy of Religion: The Key Thinkers, 2011 - torrossa.com
Cited by: 11
-------------------

Title: Pascal's wager
Link: https://compass.onlinelibrary.wiley.com/doi/abs/10.1111/phc3.12404
PDF Link: 
Snippet: … After an introduction to the elements of decision theory needed to understand the wager (… versions of a wager-style argument. Recent discussions of the role of the wager within Pascal's …
Authors: M Rota
Publication: M Rota - Philosophy Compass, 2017 - Wiley Online Library
Cited by: 18
-------------------
